<?xml version="1.0" encoding="UTF-8"?>
<!-- Generated by org.testng.reporters.JUnitReportReporter -->
<testsuite hostname="MADANKA02" name="com.kvm.sel.NewTest" tests="2" failures="0" timestamp="3 Jun 2018 06:24:44 GMT" time="106.420" errors="0">
  <testcase name="f" time="48.173" classname="com.kvm.sel.NewTest"/>
  <testcase name="f" time="58.247" classname="com.kvm.sel.NewTest"/>
</testsuite> <!-- com.kvm.sel.NewTest -->
